<?xml version="1.0" encoding="UTF-8"?>
<!-- Generated by org.testng.reporters.JUnitReportReporter -->
<testsuite hostname="LAPTOP-PTSLO3OM" failures="0" tests="2" name="SCB.SeleniumFrameworkDesign.Tests.SubmitOrderTest" time="149.326" errors="0" timestamp="2024-02-11T17:50:47 IST" skipped="0">
  <testcase classname="SCB.SeleniumFrameworkDesign.Tests.SubmitOrderTest" name="submitOrder" time="89.908"/>
  <testcase classname="SCB.SeleniumFrameworkDesign.Tests.SubmitOrderTest" name="submitOrder" time="59.418"/>
</testsuite> <!-- SCB.SeleniumFrameworkDesign.Tests.SubmitOrderTest -->
