<?xml version="1.0" encoding="UTF-8"?>
<!-- Generated by org.testng.reporters.JUnitReportReporter -->
<testsuite hostname="LAPTOP-PTSLO3OM" failures="0" tests="1" name="SCB.SeleniumFrameworkDesign.Tests.ErrorValidations" time="22.882" errors="0" timestamp="2024-02-05T17:21:29 IST" skipped="0">
  <testcase classname="SCB.SeleniumFrameworkDesign.Tests.ErrorValidations" name="submitOrder" time="22.882"/>
</testsuite> <!-- SCB.SeleniumFrameworkDesign.Tests.ErrorValidations -->
