<?xml version="1.0" encoding="UTF-8"?>
<!-- Generated by org.testng.reporters.JUnitReportReporter -->
<testsuite hostname="LAPTOP-PTSLO3OM" failures="0" tests="2" name="SCB.SeleniumFrameworkDesign.Tests.SubmitOrderTest" time="99.266" errors="0" timestamp="2024-02-10T11:00:58 IST" skipped="0">
  <testcase classname="SCB.SeleniumFrameworkDesign.Tests.SubmitOrderTest" name="submitOrder" time="63.833"/>
  <testcase classname="SCB.SeleniumFrameworkDesign.Tests.SubmitOrderTest" name="submitOrder" time="35.433"/>
</testsuite> <!-- SCB.SeleniumFrameworkDesign.Tests.SubmitOrderTest -->
